<?xml version="1.0" encoding="UTF-8"?>
<!-- Generated by org.testng.reporters.JUnitReportReporter -->
<testsuite hostname="dolap211" failures="0" tests="8" name="techskills.qa.hrs.tests.LoginPageTest" time="109.695" errors="0" timestamp="2021-04-11T14:39:16 IST" skipped="0">
  <testcase classname="techskills.qa.hrs.tests.LoginPageTest" name="verifyLoginPageTitleTest" time="10.471"/>
  <system-out/>
  <testcase classname="techskills.qa.hrs.tests.LoginPageTest" name="verifyforgotpwdlinkTest" time="14.347"/>
  <system-out/>
  <testcase classname="techskills.qa.hrs.tests.LoginPageTest" name="verifyRecoverysollinkTest" time="10.259"/>
  <system-out/>
  <testcase classname="techskills.qa.hrs.tests.LoginPageTest" name="verifyShowhidelinkTest" time="15.051"/>
  <system-out/>
  <testcase classname="techskills.qa.hrs.tests.LoginPageTest" name="verifySigninbuttonTest" time="9.997"/>
  <system-out/>
  <testcase classname="techskills.qa.hrs.tests.LoginPageTest" name="verifyHrLogoTest" time="11.723"/>
  <system-out/>
  <testcase classname="techskills.qa.hrs.tests.LoginPageTest" name="verifyForgotPasswordTest" time="12.268"/>
  <system-out/>
  <testcase classname="techskills.qa.hrs.tests.LoginPageTest" name="verifyRecoveryLinkTest" time="25.579"/>
  <system-out/>
</testsuite> <!-- techskills.qa.hrs.tests.LoginPageTest -->
